<?xml version="1.0" encoding="UTF-8"?>
<!-- Generated by org.testng.reporters.JUnitReportReporter -->
<testsuite hostname="LAPTOP-NTN3EF9E" failures="0" tests="1" name="RestMethods.RESTswaggerAPI" time="2.440" errors="0" timestamp="24 Apr 2022 10:08:30 GMT" skipped="0">
  <testcase classname="RestMethods.RESTswaggerAPI" name="postMethodwithJsonFileValidation" time="2.440"/>
</testsuite> <!-- RestMethods.RESTswaggerAPI -->
