<?xml version="1.0" encoding="UTF-8"?>
<!-- Generated by org.testng.reporters.JUnitReportReporter -->
<testsuite hostname="LAPTOP-NTN3EF9E" failures="0" tests="1" name="RestMethods.RestAPIMethods" time="1.948" errors="0" timestamp="21 Apr 2022 05:12:13 GMT" skipped="0">
  <testcase classname="RestMethods.RestAPIMethods" name="deleteMethod" time="1.948"/>
</testsuite> <!-- RestMethods.RestAPIMethods -->
